<?xml version="1.0" encoding="UTF-8"?>
<!-- Generated by org.testng.reporters.JUnitReportReporter -->
<testsuite hostname="Nadesh" failures="0" tests="1" name="testcases.Register" time="10.217" errors="0" timestamp="2025-06-30T10:17:53 IST" skipped="0">
  <testcase classname="testcases.Register" name="runRegister" time="10.217"/>
</testsuite> <!-- testcases.Register -->
