<?xml version="1.0" encoding="UTF-8"?>
<!-- Generated by org.testng.reporters.JUnitReportReporter -->
<testsuite hostname="Nadesh" failures="0" tests="1" name="testcases.Login" time="6.326" errors="0" timestamp="2025-06-25T09:58:59 IST" skipped="0">
  <testcase classname="testcases.Login" name="runLogin" time="6.326"/>
</testsuite> <!-- testcases.Login -->
